0 verbose cli /Users/admin/opt/node-v20.9.0/bin/node /Users/admin/opt/node-v20.9.0/lib/node_modules/npm/bin/npm-cli.js
1 info using npm@10.1.0
2 info using node@v20.9.0
3 timing npm:load:whichnode Completed in 2ms
4 timing config:load:defaults Completed in 1ms
5 timing config:load:file:/Users/admin/opt/node-v20.9.0/lib/node_modules/npm/npmrc Completed in 2ms
6 timing config:load:builtin Completed in 3ms
7 timing config:load:cli Completed in 2ms
8 timing config:load:env Completed in 1ms
9 timing config:load:project Completed in 3ms
10 timing config:load:file:/Users/admin/.npmrc Completed in 1ms
11 timing config:load:user Completed in 1ms
12 timing config:load:file:/Users/admin/opt/node-v20.9.0/etc/npmrc Completed in 0ms
13 timing config:load:global Completed in 0ms
14 timing config:load:setEnvs Completed in 1ms
15 timing config:load Completed in 13ms
16 timing npm:load:configload Completed in 13ms
17 timing config:load:flatten Completed in 2ms
18 timing npm:load:mkdirpcache Completed in 0ms
19 timing npm:load:mkdirplogs Completed in 0ms
20 verbose title npm exec create-next-app@latest . --ts --eslint --no-tailwind --src-dir --import-alias @/* --app
21 verbose argv "exec" "--" "create-next-app@latest" "." "--ts" "--eslint" "--no-tailwind" "--src-dir" "--import-alias" "@/*" "--app"
22 timing npm:load:setTitle Completed in 10ms
23 timing npm:load:display Completed in 1ms
24 verbose logfile logs-max:10 dir:/Users/admin/Desktop/Earn-app/.npm-cache/_logs/2026-02-16T10_43_32_268Z-
25 verbose logfile /Users/admin/Desktop/Earn-app/.npm-cache/_logs/2026-02-16T10_43_32_268Z-debug-0.log
26 timing npm:load:logFile Completed in 10ms
27 timing npm:load:timers Completed in 0ms
28 timing npm:load:configScope Completed in 0ms
29 timing npm:load Completed in 50ms
30 timing arborist:ctor Completed in 1ms
31 silly logfile done cleaning log files
32 verbose shrinkwrap failed to load node_modules/.package-lock.json out of date, updated: node_modules/@babel
33 http fetch GET 200 https://registry.npmjs.org/npm 224ms (cache miss)
34 http fetch GET 200 https://registry.npmjs.org/create-next-app 95ms (cache miss)
35 timing arborist:ctor Completed in 0ms
36 timing arborist:ctor Completed in 0ms
37 timing arborist:ctor Completed in 0ms
38 timing idealTree:init Completed in 4ms
39 timing idealTree:userRequests Completed in 1ms
40 silly idealTree buildDeps
41 silly fetch manifest create-next-app@16.1.6
42 http fetch GET 200 https://registry.npmjs.org/create-next-app 25ms (cache hit)
43 silly placeDep ROOT create-next-app@16.1.6 OK for:  want: 16.1.6
44 timing idealTree:#root Completed in 68ms
45 timing idealTree:node_modules/create-next-app Completed in 0ms
46 timing idealTree:buildDeps Completed in 70ms
47 timing idealTree:fixDepFlags Completed in 0ms
48 timing idealTree Completed in 75ms
49 timing reify:loadTrees Completed in 75ms
50 timing reify:diffTrees Completed in 1ms
51 silly reify moves {}
52 timing reify:retireShallow Completed in 1ms
53 timing reify:createSparse Completed in 7ms
54 timing reify:loadBundles Completed in 0ms
55 silly audit bulk request { 'create-next-app': [ '16.1.6' ] }
56 silly tarball no local data for create-next-app@https://registry.npmjs.org/create-next-app/-/create-next-app-16.1.6.tgz. Extracting by manifest.
57 http fetch GET 200 https://registry.npmjs.org/create-next-app/-/create-next-app-16.1.6.tgz 143ms (cache miss)
58 timing reifyNode:node_modules/create-next-app Completed in 146ms
59 timing reify:unpack Completed in 146ms
60 timing reify:unretire Completed in 1ms
61 timing build:queue Completed in 0ms
62 timing build:link:node_modules/create-next-app Completed in 2ms
63 timing build:link Completed in 2ms
64 timing build:deps Completed in 3ms
65 timing build Completed in 3ms
66 timing reify:build Completed in 3ms
67 timing reify:trash Completed in 0ms
68 timing reify:save Completed in 3ms
69 http fetch POST 200 https://registry.npmjs.org/-/npm/v1/security/advisories/bulk 232ms
70 timing auditReport:getReport Completed in 234ms
71 silly audit report {}
72 timing auditReport:init Completed in 0ms
73 timing reify:audit Completed in 236ms
74 timing reify Completed in 322ms
75 timing command:exec Completed in 11341ms
76 notice
76 notice New major version of npm available! 10.1.0 -> 11.10.0
76 notice Changelog: <https://github.com/npm/cli/releases/tag/v11.10.0>
76 notice Run `npm install -g npm@11.10.0` to update!
76 notice
77 verbose exit 1
78 timing npm Completed in 11614ms
79 verbose code 1
