0 verbose cli /Users/admin/opt/node-v20.9.0/bin/node /Users/admin/opt/node-v20.9.0/lib/node_modules/npm/bin/npm-cli.js
1 info using npm@10.1.0
2 info using node@v20.9.0
3 timing npm:load:whichnode Completed in 2ms
4 timing config:load:defaults Completed in 4ms
5 timing config:load:file:/Users/admin/opt/node-v20.9.0/lib/node_modules/npm/npmrc Completed in 3ms
6 timing config:load:builtin Completed in 3ms
7 timing config:load:cli Completed in 3ms
8 timing config:load:env Completed in 1ms
9 timing config:load:project Completed in 5ms
10 timing config:load:file:/Users/admin/.npmrc Completed in 0ms
11 timing config:load:user Completed in 0ms
12 timing config:load:file:/Users/admin/opt/node-v20.9.0/etc/npmrc Completed in 0ms
13 timing config:load:global Completed in 0ms
14 timing config:load:setEnvs Completed in 1ms
15 timing config:load Completed in 18ms
16 timing npm:load:configload Completed in 18ms
17 timing config:load:flatten Completed in 4ms
18 timing npm:load:mkdirpcache Completed in 1ms
19 timing npm:load:mkdirplogs Completed in 0ms
20 verbose title npm exec create-next-app@latest temp-app --typescript --eslint --no-tailwind --src-dir --import-alias @/* --app --use-npm --no-turbopack
21 verbose argv "exec" "--" "create-next-app@latest" "temp-app" "--typescript" "--eslint" "--no-tailwind" "--src-dir" "--import-alias" "@/*" "--app" "--use-npm" "--no-turbopack"
22 timing npm:load:setTitle Completed in 14ms
23 timing npm:load:display Completed in 1ms
24 verbose logfile logs-max:10 dir:/Users/admin/Desktop/Earn-app/.npm-cache/_logs/2026-02-16T10_44_18_041Z-
25 verbose logfile /Users/admin/Desktop/Earn-app/.npm-cache/_logs/2026-02-16T10_44_18_041Z-debug-0.log
26 timing npm:load:logFile Completed in 15ms
27 timing npm:load:timers Completed in 0ms
28 timing npm:load:configScope Completed in 0ms
29 timing npm:load Completed in 80ms
30 silly logfile done cleaning log files
31 timing arborist:ctor Completed in 1ms
32 verbose shrinkwrap failed to load node_modules/.package-lock.json out of date, updated: node_modules/@babel
33 http fetch GET 200 https://registry.npmjs.org/create-next-app 157ms (cache revalidated)
34 timing arborist:ctor Completed in 0ms
35 timing arborist:ctor Completed in 0ms
36 timing arborist:ctor Completed in 1ms
37 timing command:exec Completed in 134236ms
38 verbose exit 0
39 timing npm Completed in 134635ms
40 info ok
