0 verbose cli /Users/admin/opt/node-v20.9.0/bin/node /Users/admin/opt/node-v20.9.0/bin/npm
1 info using npm@10.1.0
2 info using node@v20.9.0
3 timing npm:load:whichnode Completed in 1ms
4 timing config:load:defaults Completed in 1ms
5 timing config:load:file:/Users/admin/opt/node-v20.9.0/lib/node_modules/npm/npmrc Completed in 1ms
6 timing config:load:builtin Completed in 2ms
7 timing config:load:cli Completed in 2ms
8 timing config:load:env Completed in 1ms
9 timing config:load:file:/Users/admin/Desktop/Earn-app/.npmrc Completed in 0ms
10 timing config:load:project Completed in 5ms
11 timing config:load:file:/Users/admin/.npmrc Completed in 0ms
12 timing config:load:user Completed in 0ms
13 timing config:load:file:/Users/admin/opt/node-v20.9.0/etc/npmrc Completed in 0ms
14 timing config:load:global Completed in 0ms
15 timing config:load:setEnvs Completed in 1ms
16 timing config:load Completed in 12ms
17 timing npm:load:configload Completed in 12ms
18 timing config:load:flatten Completed in 2ms
19 timing npm:load:mkdirpcache Completed in 1ms
20 timing npm:load:mkdirplogs Completed in 0ms
21 verbose title npm install
22 verbose argv "install"
23 timing npm:load:setTitle Completed in 9ms
24 timing npm:load:display Completed in 1ms
25 verbose logfile logs-max:10 dir:/Users/admin/Desktop/Earn-app/.npm-cache/_logs/2026-02-16T10_48_59_706Z-
26 verbose logfile /Users/admin/Desktop/Earn-app/.npm-cache/_logs/2026-02-16T10_48_59_706Z-debug-0.log
27 timing npm:load:logFile Completed in 5ms
28 timing npm:load:timers Completed in 0ms
29 timing npm:load:configScope Completed in 0ms
30 timing npm:load Completed in 41ms
31 timing arborist:ctor Completed in 1ms
32 silly logfile done cleaning log files
33 timing idealTree:init Completed in 132ms
34 timing idealTree:userRequests Completed in 0ms
35 silly idealTree buildDeps
36 timing idealTree:#root Completed in 1ms
37 timing idealTree:buildDeps Completed in 1ms
38 timing idealTree:fixDepFlags Completed in 0ms
39 timing idealTree Completed in 135ms
40 verbose shrinkwrap failed to load node_modules/.package-lock.json [Error: EPERM: operation not permitted, stat '/Users/admin/Desktop/Earn-app/node_modules'] {
40 verbose shrinkwrap   errno: -1,
40 verbose shrinkwrap   code: 'EPERM',
40 verbose shrinkwrap   syscall: 'stat',
40 verbose shrinkwrap   path: '/Users/admin/Desktop/Earn-app/node_modules'
40 verbose shrinkwrap }
41 timing reify:loadTrees Completed in 141ms
42 timing reify:diffTrees Completed in 2ms
43 silly reify moves {}
44 timing reify:retireShallow Completed in 0ms
45 timing reify:createSparse Completed in 17ms
46 timing reify:loadBundles Completed in 0ms
47 silly audit bulk request {
47 silly audit   '@babel/code-frame': [ '7.29.0' ],
47 silly audit   '@babel/compat-data': [ '7.29.0' ],
47 silly audit   '@babel/core': [ '7.29.0' ],
47 silly audit   '@babel/generator': [ '7.29.1' ],
47 silly audit   '@babel/helper-compilation-targets': [ '7.28.6' ],
47 silly audit   '@babel/helper-globals': [ '7.28.0' ],
47 silly audit   '@babel/helper-module-imports': [ '7.28.6' ],
47 silly audit   '@babel/helper-module-transforms': [ '7.28.6' ],
47 silly audit   '@babel/helper-string-parser': [ '7.27.1' ],
47 silly audit   '@babel/helper-validator-identifier': [ '7.28.5' ],
47 silly audit   '@babel/helper-validator-option': [ '7.27.1' ],
47 silly audit   '@babel/helpers': [ '7.28.6' ],
47 silly audit   '@babel/parser': [ '7.29.0' ],
47 silly audit   '@babel/template': [ '7.28.6' ],
47 silly audit   '@babel/traverse': [ '7.29.0' ],
47 silly audit   '@babel/types': [ '7.29.0' ],
47 silly audit   '@emnapi/core': [ '1.8.1' ],
47 silly audit   '@emnapi/runtime': [ '1.8.1' ],
47 silly audit   '@emnapi/wasi-threads': [ '1.1.0' ],
47 silly audit   '@eslint-community/eslint-utils': [ '4.9.1' ],
47 silly audit   'eslint-visitor-keys': [ '3.4.3', '4.2.1' ],
47 silly audit   '@eslint-community/regexpp': [ '4.12.2' ],
47 silly audit   '@eslint/config-array': [ '0.21.1' ],
47 silly audit   '@eslint/config-helpers': [ '0.4.2' ],
47 silly audit   '@eslint/core': [ '0.17.0' ],
47 silly audit   '@eslint/eslintrc': [ '3.3.3' ],
47 silly audit   '@eslint/js': [ '9.39.2' ],
47 silly audit   '@eslint/object-schema': [ '2.1.7' ],
47 silly audit   '@eslint/plugin-kit': [ '0.4.1' ],
47 silly audit   '@humanfs/core': [ '0.19.1' ],
47 silly audit   '@humanfs/node': [ '0.16.7' ],
47 silly audit   '@humanwhocodes/module-importer': [ '1.0.1' ],
47 silly audit   '@humanwhocodes/retry': [ '0.4.3' ],
47 silly audit   '@img/colour': [ '1.0.0' ],
47 silly audit   '@img/sharp-darwin-arm64': [ '0.34.5' ],
47 silly audit   '@img/sharp-darwin-x64': [ '0.34.5' ],
47 silly audit   '@img/sharp-libvips-darwin-arm64': [ '1.2.4' ],
47 silly audit   '@img/sharp-libvips-darwin-x64': [ '1.2.4' ],
47 silly audit   '@img/sharp-libvips-linux-arm': [ '1.2.4' ],
47 silly audit   '@img/sharp-libvips-linux-arm64': [ '1.2.4' ],
47 silly audit   '@img/sharp-libvips-linux-ppc64': [ '1.2.4' ],
47 silly audit   '@img/sharp-libvips-linux-riscv64': [ '1.2.4' ],
47 silly audit   '@img/sharp-libvips-linux-s390x': [ '1.2.4' ],
47 silly audit   '@img/sharp-libvips-linux-x64': [ '1.2.4' ],
47 silly audit   '@img/sharp-libvips-linuxmusl-arm64': [ '1.2.4' ],
47 silly audit   '@img/sharp-libvips-linuxmusl-x64': [ '1.2.4' ],
47 silly audit   '@img/sharp-linux-arm': [ '0.34.5' ],
47 silly audit   '@img/sharp-linux-arm64': [ '0.34.5' ],
47 silly audit   '@img/sharp-linux-ppc64': [ '0.34.5' ],
47 silly audit   '@img/sharp-linux-riscv64': [ '0.34.5' ],
47 silly audit   '@img/sharp-linux-s390x': [ '0.34.5' ],
47 silly audit   '@img/sharp-linux-x64': [ '0.34.5' ],
47 silly audit   '@img/sharp-linuxmusl-arm64': [ '0.34.5' ],
47 silly audit   '@img/sharp-linuxmusl-x64': [ '0.34.5' ],
47 silly audit   '@img/sharp-wasm32': [ '0.34.5' ],
47 silly audit   '@img/sharp-win32-arm64': [ '0.34.5' ],
47 silly audit   '@img/sharp-win32-ia32': [ '0.34.5' ],
47 silly audit   '@img/sharp-win32-x64': [ '0.34.5' ],
47 silly audit   '@jridgewell/gen-mapping': [ '0.3.13' ],
47 silly audit   '@jridgewell/remapping': [ '2.3.5' ],
47 silly audit   '@jridgewell/resolve-uri': [ '3.1.2' ],
47 silly audit   '@jridgewell/sourcemap-codec': [ '1.5.5' ],
47 silly audit   '@jridgewell/trace-mapping': [ '0.3.31' ],
47 silly audit   '@napi-rs/wasm-runtime': [ '0.2.12' ],
47 silly audit   '@next/env': [ '16.1.6' ],
47 silly audit   '@next/eslint-plugin-next': [ '16.1.6' ],
47 silly audit   '@next/swc-darwin-arm64': [ '16.1.6' ],
47 silly audit   '@next/swc-darwin-x64': [ '16.1.6' ],
47 silly audit   '@next/swc-linux-arm64-gnu': [ '16.1.6' ],
47 silly audit   '@next/swc-linux-arm64-musl': [ '16.1.6' ],
47 silly audit   '@next/swc-linux-x64-gnu': [ '16.1.6' ],
47 silly audit   '@next/swc-linux-x64-musl': [ '16.1.6' ],
47 silly audit   '@next/swc-win32-arm64-msvc': [ '16.1.6' ],
47 silly audit   '@next/swc-win32-x64-msvc': [ '16.1.6' ],
47 silly audit   '@nodelib/fs.scandir': [ '2.1.5' ],
47 silly audit   '@nodelib/fs.stat': [ '2.0.5' ],
47 silly audit   '@nodelib/fs.walk': [ '1.2.8' ],
47 silly audit   '@nolyfill/is-core-module': [ '1.0.39' ],
47 silly audit   '@rtsao/scc': [ '1.1.0' ],
47 silly audit   '@swc/helpers': [ '0.5.15' ],
47 silly audit   '@tybys/wasm-util': [ '0.10.1' ],
47 silly audit   '@types/estree': [ '1.0.8' ],
47 silly audit   '@types/json-schema': [ '7.0.15' ],
47 silly audit   '@types/json5': [ '0.0.29' ],
47 silly audit   '@types/node': [ '20.19.33' ],
47 silly audit   '@types/react': [ '19.2.14' ],
47 silly audit   '@types/react-dom': [ '19.2.3' ],
47 silly audit   '@typescript-eslint/eslint-plugin': [ '8.55.0' ],
47 silly audit   ignore: [ '7.0.5', '5.3.2' ],
47 silly audit   '@typescript-eslint/parser': [ '8.55.0' ],
47 silly audit   '@typescript-eslint/project-service': [ '8.55.0' ],
47 silly audit   '@typescript-eslint/scope-manager': [ '8.55.0' ],
47 silly audit   '@typescript-eslint/tsconfig-utils': [ '8.55.0' ],
47 silly audit   '@typescript-eslint/type-utils': [ '8.55.0' ],
47 silly audit   '@typescript-eslint/types': [ '8.55.0' ],
47 silly audit   '@typescript-eslint/typescript-estree': [ '8.55.0' ],
47 silly audit   'brace-expansion': [ '2.0.2', '1.1.12' ],
47 silly audit   minimatch: [ '9.0.5', '3.1.2' ],
47 silly audit   semver: [ '7.7.4', '6.3.1' ],
47 silly audit   '@typescript-eslint/utils': [ '8.55.0' ],
47 silly audit   '@typescript-eslint/visitor-keys': [ '8.55.0' ],
47 silly audit   '@unrs/resolver-binding-android-arm-eabi': [ '1.11.1' ],
47 silly audit   '@unrs/resolver-binding-android-arm64': [ '1.11.1' ],
47 silly audit   '@unrs/resolver-binding-darwin-arm64': [ '1.11.1' ],
47 silly audit   '@unrs/resolver-binding-darwin-x64': [ '1.11.1' ],
47 silly audit   '@unrs/resolver-binding-freebsd-x64': [ '1.11.1' ],
47 silly audit   '@unrs/resolver-binding-linux-arm-gnueabihf': [ '1.11.1' ],
47 silly audit   '@unrs/resolver-binding-linux-arm-musleabihf': [ '1.11.1' ],
47 silly audit   '@unrs/resolver-binding-linux-arm64-gnu': [ '1.11.1' ],
47 silly audit   '@unrs/resolver-binding-linux-arm64-musl': [ '1.11.1' ],
47 silly audit   '@unrs/resolver-binding-linux-ppc64-gnu': [ '1.11.1' ],
47 silly audit   '@unrs/resolver-binding-linux-riscv64-gnu': [ '1.11.1' ],
47 silly audit   '@unrs/resolver-binding-linux-riscv64-musl': [ '1.11.1' ],
47 silly audit   '@unrs/resolver-binding-linux-s390x-gnu': [ '1.11.1' ],
47 silly audit   '@unrs/resolver-binding-linux-x64-gnu': [ '1.11.1' ],
47 silly audit   '@unrs/resolver-binding-linux-x64-musl': [ '1.11.1' ],
47 silly audit   '@unrs/resolver-binding-wasm32-wasi': [ '1.11.1' ],
47 silly audit   '@unrs/resolver-binding-win32-arm64-msvc': [ '1.11.1' ],
47 silly audit   '@unrs/resolver-binding-win32-ia32-msvc': [ '1.11.1' ],
47 silly audit   '@unrs/resolver-binding-win32-x64-msvc': [ '1.11.1' ],
47 silly audit   acorn: [ '8.15.0' ],
47 silly audit   'acorn-jsx': [ '5.3.2' ],
47 silly audit   ajv: [ '6.12.6' ],
47 silly audit   'ansi-styles': [ '4.3.0' ],
47 silly audit   argparse: [ '2.0.1' ],
47 silly audit   'aria-query': [ '5.3.2' ],
47 silly audit   'array-buffer-byte-length': [ '1.0.2' ],
47 silly audit   'array-includes': [ '3.1.9' ],
47 silly audit   'array.prototype.findlast': [ '1.2.5' ],
47 silly audit   'array.prototype.findlastindex': [ '1.2.6' ],
47 silly audit   'array.prototype.flat': [ '1.3.3' ],
47 silly audit   'array.prototype.flatmap': [ '1.3.3' ],
47 silly audit   'array.prototype.tosorted': [ '1.1.4' ],
47 silly audit   'arraybuffer.prototype.slice': [ '1.0.4' ],
47 silly audit   'ast-types-flow': [ '0.0.8' ],
47 silly audit   'async-function': [ '1.0.0' ],
47 silly audit   'available-typed-arrays': [ '1.0.7' ],
47 silly audit   'axe-core': [ '4.11.1' ],
47 silly audit   'axobject-query': [ '4.1.0' ],
47 silly audit   'balanced-match': [ '1.0.2' ],
47 silly audit   'baseline-browser-mapping': [ '2.9.19' ],
47 silly audit   braces: [ '3.0.3' ],
47 silly audit   browserslist: [ '4.28.1' ],
47 silly audit   'call-bind': [ '1.0.8' ],
47 silly audit   'call-bind-apply-helpers': [ '1.0.2' ],
47 silly audit   'call-bound': [ '1.0.4' ],
47 silly audit   callsites: [ '3.1.0' ],
47 silly audit   'caniuse-lite': [ '1.0.30001770' ],
47 silly audit   chalk: [ '4.1.2' ],
47 silly audit   'client-only': [ '0.0.1' ],
47 silly audit   'color-convert': [ '2.0.1' ],
47 silly audit   'color-name': [ '1.1.4' ],
47 silly audit   'concat-map': [ '0.0.1' ],
47 silly audit   'convert-source-map': [ '2.0.0' ],
47 silly audit   'cross-spawn': [ '7.0.6' ],
47 silly audit   csstype: [ '3.2.3' ],
47 silly audit   'damerau-levenshtein': [ '1.0.8' ],
47 silly audit   'data-view-buffer': [ '1.0.2' ],
47 silly audit   'data-view-byte-length': [ '1.0.2' ],
47 silly audit   'data-view-byte-offset': [ '1.0.1' ],
47 silly audit   debug: [ '4.4.3', '3.2.7' ],
47 silly audit   'deep-is': [ '0.1.4' ],
47 silly audit   'define-data-property': [ '1.1.4' ],
47 silly audit   'define-properties': [ '1.2.1' ],
47 silly audit   'detect-libc': [ '2.1.2' ],
47 silly audit   doctrine: [ '2.1.0' ],
47 silly audit   'dunder-proto': [ '1.0.1' ],
47 silly audit   'electron-to-chromium': [ '1.5.286' ],
47 silly audit   'emoji-regex': [ '9.2.2' ],
47 silly audit   'es-abstract': [ '1.24.1' ],
47 silly audit   'es-define-property': [ '1.0.1' ],
47 silly audit   'es-errors': [ '1.3.0' ],
47 silly audit   'es-iterator-helpers': [ '1.2.2' ],
47 silly audit   'es-object-atoms': [ '1.1.1' ],
47 silly audit   'es-set-tostringtag': [ '2.1.0' ],
47 silly audit   'es-shim-unscopables': [ '1.1.0' ],
47 silly audit   'es-to-primitive': [ '1.3.0' ],
47 silly audit   escalade: [ '3.2.0' ],
47 silly audit   'escape-string-regexp': [ '4.0.0' ],
47 silly audit   eslint: [ '9.39.2' ],
47 silly audit   'eslint-config-next': [ '16.1.6' ],
47 silly audit   globals: [ '16.4.0', '14.0.0' ],
47 silly audit   'eslint-import-resolver-node': [ '0.3.9' ],
47 silly audit   'eslint-import-resolver-typescript': [ '3.10.1' ],
47 silly audit   'eslint-module-utils': [ '2.12.1' ],
47 silly audit   'eslint-plugin-import': [ '2.32.0' ],
47 silly audit   'eslint-plugin-jsx-a11y': [ '6.10.2' ],
47 silly audit   'eslint-plugin-react': [ '7.37.5' ],
47 silly audit   'eslint-plugin-react-hooks': [ '7.0.1' ],
47 silly audit   resolve: [ '2.0.0-next.5', '1.22.11' ],
47 silly audit   'eslint-scope': [ '8.4.0' ],
47 silly audit   espree: [ '10.4.0' ],
47 silly audit   esquery: [ '1.7.0' ],
47 silly audit   esrecurse: [ '4.3.0' ],
47 silly audit   estraverse: [ '5.3.0' ],
47 silly audit   esutils: [ '2.0.3' ],
47 silly audit   'fast-deep-equal': [ '3.1.3' ],
47 silly audit   'fast-glob': [ '3.3.1' ],
47 silly audit   'glob-parent': [ '5.1.2', '6.0.2' ],
47 silly audit   'fast-json-stable-stringify': [ '2.1.0' ],
47 silly audit   'fast-levenshtein': [ '2.0.6' ],
47 silly audit   fastq: [ '1.20.1' ],
47 silly audit   'file-entry-cache': [ '8.0.0' ],
47 silly audit   'fill-range': [ '7.1.1' ],
47 silly audit   'find-up': [ '5.0.0' ],
47 silly audit   'flat-cache': [ '4.0.1' ],
47 silly audit   flatted: [ '3.3.3' ],
47 silly audit   'for-each': [ '0.3.5' ],
47 silly audit   'function-bind': [ '1.1.2' ],
47 silly audit   'function.prototype.name': [ '1.1.8' ],
47 silly audit   'functions-have-names': [ '1.2.3' ],
47 silly audit   'generator-function': [ '2.0.1' ],
47 silly audit   gensync: [ '1.0.0-beta.2' ],
47 silly audit   'get-intrinsic': [ '1.3.0' ],
47 silly audit   'get-proto': [ '1.0.1' ],
47 silly audit   'get-symbol-description': [ '1.1.0' ],
47 silly audit   'get-tsconfig': [ '4.13.6' ],
47 silly audit   globalthis: [ '1.0.4' ],
47 silly audit   gopd: [ '1.2.0' ],
47 silly audit   'has-bigints': [ '1.1.0' ],
47 silly audit   'has-flag': [ '4.0.0' ],
47 silly audit   'has-property-descriptors': [ '1.0.2' ],
47 silly audit   'has-proto': [ '1.2.0' ],
47 silly audit   'has-symbols': [ '1.1.0' ],
47 silly audit   'has-tostringtag': [ '1.0.2' ],
47 silly audit   hasown: [ '2.0.2' ],
47 silly audit   'hermes-estree': [ '0.25.1' ],
47 silly audit   'hermes-parser': [ '0.25.1' ],
47 silly audit   'import-fresh': [ '3.3.1' ],
47 silly audit   imurmurhash: [ '0.1.4' ],
47 silly audit   'internal-slot': [ '1.1.0' ],
47 silly audit   'is-array-buffer': [ '3.0.5' ],
47 silly audit   'is-async-function': [ '2.1.1' ],
47 silly audit   'is-bigint': [ '1.1.0' ],
47 silly audit   'is-boolean-object': [ '1.2.2' ],
47 silly audit   'is-bun-module': [ '2.0.0' ],
47 silly audit   'is-callable': [ '1.2.7' ],
47 silly audit   'is-core-module': [ '2.16.1' ],
47 silly audit   'is-data-view': [ '1.0.2' ],
47 silly audit   'is-date-object': [ '1.1.0' ],
47 silly audit   'is-extglob': [ '2.1.1' ],
47 silly audit   'is-finalizationregistry': [ '1.1.1' ],
47 silly audit   'is-generator-function': [ '1.1.2' ],
47 silly audit   'is-glob': [ '4.0.3' ],
47 silly audit   'is-map': [ '2.0.3' ],
47 silly audit   'is-negative-zero': [ '2.0.3' ],
47 silly audit   'is-number': [ '7.0.0' ],
47 silly audit   'is-number-object': [ '1.1.1' ],
47 silly audit   'is-regex': [ '1.2.1' ],
47 silly audit   'is-set': [ '2.0.3' ],
47 silly audit   'is-shared-array-buffer': [ '1.0.4' ],
47 silly audit   'is-string': [ '1.1.1' ],
47 silly audit   'is-symbol': [ '1.1.1' ],
47 silly audit   'is-typed-array': [ '1.1.15' ],
47 silly audit   'is-weakmap': [ '2.0.2' ],
47 silly audit   'is-weakref': [ '1.1.1' ],
47 silly audit   'is-weakset': [ '2.0.4' ],
47 silly audit   isarray: [ '2.0.5' ],
47 silly audit   isexe: [ '2.0.0' ],
47 silly audit   'iterator.prototype': [ '1.1.5' ],
47 silly audit   'js-tokens': [ '4.0.0' ],
47 silly audit   'js-yaml': [ '4.1.1' ],
47 silly audit   jsesc: [ '3.1.0' ],
47 silly audit   'json-buffer': [ '3.0.1' ],
47 silly audit   'json-schema-traverse': [ '0.4.1' ],
47 silly audit   'json-stable-stringify-without-jsonify': [ '1.0.1' ],
47 silly audit   json5: [ '2.2.3', '1.0.2' ],
47 silly audit   'jsx-ast-utils': [ '3.3.5' ],
47 silly audit   keyv: [ '4.5.4' ],
47 silly audit   'language-subtag-registry': [ '0.3.23' ],
47 silly audit   'language-tags': [ '1.0.9' ],
47 silly audit   levn: [ '0.4.1' ],
47 silly audit   'locate-path': [ '6.0.0' ],
47 silly audit   'lodash.merge': [ '4.6.2' ],
47 silly audit   'loose-envify': [ '1.4.0' ],
47 silly audit   'lru-cache': [ '5.1.1' ],
47 silly audit   'math-intrinsics': [ '1.1.0' ],
47 silly audit   merge2: [ '1.4.1' ],
47 silly audit   micromatch: [ '4.0.8' ],
47 silly audit   minimist: [ '1.2.8' ],
47 silly audit   ms: [ '2.1.3' ],
47 silly audit   nanoid: [ '3.3.11' ],
47 silly audit   'napi-postinstall': [ '0.3.4' ],
47 silly audit   'natural-compare': [ '1.4.0' ],
47 silly audit   next: [ '16.1.6' ],
47 silly audit   'node-releases': [ '2.0.27' ],
47 silly audit   'object-assign': [ '4.1.1' ],
47 silly audit   'object-inspect': [ '1.13.4' ],
47 silly audit   'object-keys': [ '1.1.1' ],
47 silly audit   'object.assign': [ '4.1.7' ],
47 silly audit   'object.entries': [ '1.1.9' ],
47 silly audit   'object.fromentries': [ '2.0.8' ],
47 silly audit   'object.groupby': [ '1.0.3' ],
47 silly audit   'object.values': [ '1.2.1' ],
47 silly audit   optionator: [ '0.9.4' ],
47 silly audit   'own-keys': [ '1.0.1' ],
47 silly audit   'p-limit': [ '3.1.0' ],
47 silly audit   'p-locate': [ '5.0.0' ],
47 silly audit   'parent-module': [ '1.0.1' ],
47 silly audit   'path-exists': [ '4.0.0' ],
47 silly audit   'path-key': [ '3.1.1' ],
47 silly audit   'path-parse': [ '1.0.7' ],
47 silly audit   picocolors: [ '1.1.1' ],
47 silly audit   picomatch: [ '2.3.1', '4.0.3' ],
47 silly audit   'possible-typed-array-names': [ '1.1.0' ],
47 silly audit   postcss: [ '8.4.31' ],
47 silly audit   'prelude-ls': [ '1.2.1' ],
47 silly audit   'prop-types': [ '15.8.1' ],
47 silly audit   punycode: [ '2.3.1' ],
47 silly audit   'queue-microtask': [ '1.2.3' ],
47 silly audit   react: [ '19.2.3' ],
47 silly audit   'react-dom': [ '19.2.3' ],
47 silly audit   'react-is': [ '16.13.1' ],
47 silly audit   'reflect.getprototypeof': [ '1.0.10' ],
47 silly audit   'regexp.prototype.flags': [ '1.5.4' ],
47 silly audit   'resolve-from': [ '4.0.0' ],
47 silly audit   'resolve-pkg-maps': [ '1.0.0' ],
47 silly audit   reusify: [ '1.1.0' ],
47 silly audit   'run-parallel': [ '1.2.0' ],
47 silly audit   'safe-array-concat': [ '1.1.3' ],
47 silly audit   'safe-push-apply': [ '1.0.0' ],
47 silly audit   'safe-regex-test': [ '1.1.0' ],
47 silly audit   scheduler: [ '0.27.0' ],
47 silly audit   'set-function-length': [ '1.2.2' ],
47 silly audit   'set-function-name': [ '2.0.2' ],
47 silly audit   'set-proto': [ '1.0.0' ],
47 silly audit   sharp: [ '0.34.5' ],
47 silly audit   'shebang-command': [ '2.0.0' ],
47 silly audit   'shebang-regex': [ '3.0.0' ],
47 silly audit   'side-channel': [ '1.1.0' ],
47 silly audit   'side-channel-list': [ '1.0.0' ],
47 silly audit   'side-channel-map': [ '1.0.1' ],
47 silly audit   'side-channel-weakmap': [ '1.0.2' ],
47 silly audit   'source-map-js': [ '1.2.1' ],
47 silly audit   'stable-hash': [ '0.0.5' ],
47 silly audit   'stop-iteration-iterator': [ '1.1.0' ],
47 silly audit   'string.prototype.includes': [ '2.0.1' ],
47 silly audit   'string.prototype.matchall': [ '4.0.12' ],
47 silly audit   'string.prototype.repeat': [ '1.0.0' ],
47 silly audit   'string.prototype.trim': [ '1.2.10' ],
47 silly audit   'string.prototype.trimend': [ '1.0.9' ],
47 silly audit   'string.prototype.trimstart': [ '1.0.8' ],
47 silly audit   'strip-bom': [ '3.0.0' ],
47 silly audit   'strip-json-comments': [ '3.1.1' ],
47 silly audit   'styled-jsx': [ '5.1.6' ],
47 silly audit   'supports-color': [ '7.2.0' ],
47 silly audit   'supports-preserve-symlinks-flag': [ '1.0.0' ],
47 silly audit   tinyglobby: [ '0.2.15' ],
47 silly audit   fdir: [ '6.5.0' ],
47 silly audit   'to-regex-range': [ '5.0.1' ],
47 silly audit   'ts-api-utils': [ '2.4.0' ],
47 silly audit   'tsconfig-paths': [ '3.15.0' ],
47 silly audit   tslib: [ '2.8.1' ],
47 silly audit   'type-check': [ '0.4.0' ],
47 silly audit   'typed-array-buffer': [ '1.0.3' ],
47 silly audit   'typed-array-byte-length': [ '1.0.3' ],
47 silly audit   'typed-array-byte-offset': [ '1.0.4' ],
47 silly audit   'typed-array-length': [ '1.0.7' ],
47 silly audit   typescript: [ '5.9.3' ],
47 silly audit   'typescript-eslint': [ '8.55.0' ],
47 silly audit   'unbox-primitive': [ '1.1.0' ],
47 silly audit   'undici-types': [ '6.21.0' ],
47 silly audit   'unrs-resolver': [ '1.11.1' ],
47 silly audit   'update-browserslist-db': [ '1.2.3' ],
47 silly audit   'uri-js': [ '4.4.1' ],
47 silly audit   which: [ '2.0.2' ],
47 silly audit   'which-boxed-primitive': [ '1.1.1' ],
47 silly audit   'which-builtin-type': [ '1.2.1' ],
47 silly audit   'which-collection': [ '1.0.2' ],
47 silly audit   'which-typed-array': [ '1.1.20' ],
47 silly audit   'word-wrap': [ '1.2.5' ],
47 silly audit   yallist: [ '3.1.1' ],
47 silly audit   'yocto-queue': [ '0.1.0' ],
47 silly audit   zod: [ '4.3.6' ],
47 silly audit   'zod-validation-error': [ '4.0.2' ]
47 silly audit }
48 verbose reify failed optional dependency /Users/admin/Desktop/Earn-app/node_modules/@unrs/resolver-binding-win32-x64-msvc
49 silly reify mark deleted [
49 silly reify   '/Users/admin/Desktop/Earn-app/node_modules/@unrs/resolver-binding-win32-x64-msvc'
49 silly reify ]
50 verbose reify failed optional dependency /Users/admin/Desktop/Earn-app/node_modules/@unrs/resolver-binding-win32-ia32-msvc
51 silly reify mark deleted [
51 silly reify   '/Users/admin/Desktop/Earn-app/node_modules/@unrs/resolver-binding-win32-ia32-msvc'
51 silly reify ]
52 verbose reify failed optional dependency /Users/admin/Desktop/Earn-app/node_modules/@unrs/resolver-binding-win32-arm64-msvc
53 silly reify mark deleted [
53 silly reify   '/Users/admin/Desktop/Earn-app/node_modules/@unrs/resolver-binding-win32-arm64-msvc'
53 silly reify ]
54 verbose reify failed optional dependency /Users/admin/Desktop/Earn-app/node_modules/@unrs/resolver-binding-wasm32-wasi
55 silly reify mark deleted [
55 silly reify   '/Users/admin/Desktop/Earn-app/node_modules/@unrs/resolver-binding-wasm32-wasi'
55 silly reify ]
56 verbose reify failed optional dependency /Users/admin/Desktop/Earn-app/node_modules/@napi-rs/wasm-runtime
57 silly reify mark deleted [ '/Users/admin/Desktop/Earn-app/node_modules/@napi-rs/wasm-runtime' ]
58 verbose reify failed optional dependency /Users/admin/Desktop/Earn-app/node_modules/@emnapi/core
59 silly reify mark deleted [ '/Users/admin/Desktop/Earn-app/node_modules/@emnapi/core' ]
60 verbose reify failed optional dependency /Users/admin/Desktop/Earn-app/node_modules/@tybys/wasm-util
61 silly reify mark deleted [ '/Users/admin/Desktop/Earn-app/node_modules/@tybys/wasm-util' ]
62 verbose reify failed optional dependency /Users/admin/Desktop/Earn-app/node_modules/@emnapi/wasi-threads
63 silly reify mark deleted [ '/Users/admin/Desktop/Earn-app/node_modules/@emnapi/wasi-threads' ]
64 verbose reify failed optional dependency /Users/admin/Desktop/Earn-app/node_modules/@unrs/resolver-binding-linux-x64-musl
65 silly reify mark deleted [
65 silly reify   '/Users/admin/Desktop/Earn-app/node_modules/@unrs/resolver-binding-linux-x64-musl'
65 silly reify ]
66 verbose reify failed optional dependency /Users/admin/Desktop/Earn-app/node_modules/@unrs/resolver-binding-linux-x64-gnu
67 silly reify mark deleted [
67 silly reify   '/Users/admin/Desktop/Earn-app/node_modules/@unrs/resolver-binding-linux-x64-gnu'
67 silly reify ]
68 verbose reify failed optional dependency /Users/admin/Desktop/Earn-app/node_modules/@unrs/resolver-binding-linux-s390x-gnu
69 silly reify mark deleted [
69 silly reify   '/Users/admin/Desktop/Earn-app/node_modules/@unrs/resolver-binding-linux-s390x-gnu'
69 silly reify ]
70 verbose reify failed optional dependency /Users/admin/Desktop/Earn-app/node_modules/@unrs/resolver-binding-linux-riscv64-musl
71 silly reify mark deleted [
71 silly reify   '/Users/admin/Desktop/Earn-app/node_modules/@unrs/resolver-binding-linux-riscv64-musl'
71 silly reify ]
72 verbose reify failed optional dependency /Users/admin/Desktop/Earn-app/node_modules/@unrs/resolver-binding-linux-riscv64-gnu
73 silly reify mark deleted [
73 silly reify   '/Users/admin/Desktop/Earn-app/node_modules/@unrs/resolver-binding-linux-riscv64-gnu'
73 silly reify ]
74 verbose reify failed optional dependency /Users/admin/Desktop/Earn-app/node_modules/@unrs/resolver-binding-linux-ppc64-gnu
75 silly reify mark deleted [
75 silly reify   '/Users/admin/Desktop/Earn-app/node_modules/@unrs/resolver-binding-linux-ppc64-gnu'
75 silly reify ]
76 verbose reify failed optional dependency /Users/admin/Desktop/Earn-app/node_modules/@unrs/resolver-binding-linux-arm64-musl
77 silly reify mark deleted [
77 silly reify   '/Users/admin/Desktop/Earn-app/node_modules/@unrs/resolver-binding-linux-arm64-musl'
77 silly reify ]
78 verbose reify failed optional dependency /Users/admin/Desktop/Earn-app/node_modules/@unrs/resolver-binding-linux-arm64-gnu
79 silly reify mark deleted [
79 silly reify   '/Users/admin/Desktop/Earn-app/node_modules/@unrs/resolver-binding-linux-arm64-gnu'
79 silly reify ]
80 verbose reify failed optional dependency /Users/admin/Desktop/Earn-app/node_modules/@unrs/resolver-binding-linux-arm-musleabihf
81 silly reify mark deleted [
81 silly reify   '/Users/admin/Desktop/Earn-app/node_modules/@unrs/resolver-binding-linux-arm-musleabihf'
81 silly reify ]
82 verbose reify failed optional dependency /Users/admin/Desktop/Earn-app/node_modules/@unrs/resolver-binding-linux-arm-gnueabihf
83 silly reify mark deleted [
83 silly reify   '/Users/admin/Desktop/Earn-app/node_modules/@unrs/resolver-binding-linux-arm-gnueabihf'
83 silly reify ]
84 verbose reify failed optional dependency /Users/admin/Desktop/Earn-app/node_modules/@unrs/resolver-binding-freebsd-x64
85 silly reify mark deleted [
85 silly reify   '/Users/admin/Desktop/Earn-app/node_modules/@unrs/resolver-binding-freebsd-x64'
85 silly reify ]
86 verbose reify failed optional dependency /Users/admin/Desktop/Earn-app/node_modules/@unrs/resolver-binding-darwin-x64
87 silly reify mark deleted [
87 silly reify   '/Users/admin/Desktop/Earn-app/node_modules/@unrs/resolver-binding-darwin-x64'
87 silly reify ]
88 verbose reify failed optional dependency /Users/admin/Desktop/Earn-app/node_modules/@unrs/resolver-binding-android-arm64
89 silly reify mark deleted [
89 silly reify   '/Users/admin/Desktop/Earn-app/node_modules/@unrs/resolver-binding-android-arm64'
89 silly reify ]
90 verbose reify failed optional dependency /Users/admin/Desktop/Earn-app/node_modules/@unrs/resolver-binding-android-arm-eabi
91 silly reify mark deleted [
91 silly reify   '/Users/admin/Desktop/Earn-app/node_modules/@unrs/resolver-binding-android-arm-eabi'
91 silly reify ]
92 verbose reify failed optional dependency /Users/admin/Desktop/Earn-app/node_modules/@next/swc-win32-x64-msvc
93 silly reify mark deleted [
93 silly reify   '/Users/admin/Desktop/Earn-app/node_modules/@next/swc-win32-x64-msvc'
93 silly reify ]
94 verbose reify failed optional dependency /Users/admin/Desktop/Earn-app/node_modules/@next/swc-win32-arm64-msvc
95 silly reify mark deleted [
95 silly reify   '/Users/admin/Desktop/Earn-app/node_modules/@next/swc-win32-arm64-msvc'
95 silly reify ]
96 verbose reify failed optional dependency /Users/admin/Desktop/Earn-app/node_modules/@next/swc-linux-x64-musl
97 silly reify mark deleted [
97 silly reify   '/Users/admin/Desktop/Earn-app/node_modules/@next/swc-linux-x64-musl'
97 silly reify ]
98 verbose reify failed optional dependency /Users/admin/Desktop/Earn-app/node_modules/@next/swc-linux-x64-gnu
99 silly reify mark deleted [
99 silly reify   '/Users/admin/Desktop/Earn-app/node_modules/@next/swc-linux-x64-gnu'
99 silly reify ]
100 verbose reify failed optional dependency /Users/admin/Desktop/Earn-app/node_modules/@next/swc-linux-arm64-musl
101 silly reify mark deleted [
101 silly reify   '/Users/admin/Desktop/Earn-app/node_modules/@next/swc-linux-arm64-musl'
101 silly reify ]
102 verbose reify failed optional dependency /Users/admin/Desktop/Earn-app/node_modules/@next/swc-linux-arm64-gnu
103 silly reify mark deleted [
103 silly reify   '/Users/admin/Desktop/Earn-app/node_modules/@next/swc-linux-arm64-gnu'
103 silly reify ]
104 verbose reify failed optional dependency /Users/admin/Desktop/Earn-app/node_modules/@next/swc-darwin-x64
105 silly reify mark deleted [ '/Users/admin/Desktop/Earn-app/node_modules/@next/swc-darwin-x64' ]
106 verbose reify failed optional dependency /Users/admin/Desktop/Earn-app/node_modules/@img/sharp-win32-x64
107 silly reify mark deleted [ '/Users/admin/Desktop/Earn-app/node_modules/@img/sharp-win32-x64' ]
108 verbose reify failed optional dependency /Users/admin/Desktop/Earn-app/node_modules/@img/sharp-win32-ia32
109 silly reify mark deleted [ '/Users/admin/Desktop/Earn-app/node_modules/@img/sharp-win32-ia32' ]
110 verbose reify failed optional dependency /Users/admin/Desktop/Earn-app/node_modules/@img/sharp-win32-arm64
111 silly reify mark deleted [ '/Users/admin/Desktop/Earn-app/node_modules/@img/sharp-win32-arm64' ]
112 verbose reify failed optional dependency /Users/admin/Desktop/Earn-app/node_modules/@img/sharp-wasm32
113 silly reify mark deleted [ '/Users/admin/Desktop/Earn-app/node_modules/@img/sharp-wasm32' ]
114 verbose reify failed optional dependency /Users/admin/Desktop/Earn-app/node_modules/@img/sharp-linuxmusl-x64
115 silly reify mark deleted [
115 silly reify   '/Users/admin/Desktop/Earn-app/node_modules/@img/sharp-linuxmusl-x64'
115 silly reify ]
116 verbose reify failed optional dependency /Users/admin/Desktop/Earn-app/node_modules/@img/sharp-linuxmusl-arm64
117 silly reify mark deleted [
117 silly reify   '/Users/admin/Desktop/Earn-app/node_modules/@img/sharp-linuxmusl-arm64'
117 silly reify ]
118 verbose reify failed optional dependency /Users/admin/Desktop/Earn-app/node_modules/@img/sharp-linux-x64
119 silly reify mark deleted [ '/Users/admin/Desktop/Earn-app/node_modules/@img/sharp-linux-x64' ]
120 verbose reify failed optional dependency /Users/admin/Desktop/Earn-app/node_modules/@img/sharp-linux-s390x
121 silly reify mark deleted [ '/Users/admin/Desktop/Earn-app/node_modules/@img/sharp-linux-s390x' ]
122 verbose reify failed optional dependency /Users/admin/Desktop/Earn-app/node_modules/@img/sharp-linux-riscv64
123 silly reify mark deleted [
123 silly reify   '/Users/admin/Desktop/Earn-app/node_modules/@img/sharp-linux-riscv64'
123 silly reify ]
124 verbose reify failed optional dependency /Users/admin/Desktop/Earn-app/node_modules/@img/sharp-linux-ppc64
125 silly reify mark deleted [ '/Users/admin/Desktop/Earn-app/node_modules/@img/sharp-linux-ppc64' ]
126 verbose reify failed optional dependency /Users/admin/Desktop/Earn-app/node_modules/@img/sharp-linux-arm64
127 silly reify mark deleted [ '/Users/admin/Desktop/Earn-app/node_modules/@img/sharp-linux-arm64' ]
128 verbose reify failed optional dependency /Users/admin/Desktop/Earn-app/node_modules/@img/sharp-linux-arm
129 silly reify mark deleted [ '/Users/admin/Desktop/Earn-app/node_modules/@img/sharp-linux-arm' ]
130 verbose reify failed optional dependency /Users/admin/Desktop/Earn-app/node_modules/@img/sharp-libvips-linuxmusl-x64
131 silly reify mark deleted [
131 silly reify   '/Users/admin/Desktop/Earn-app/node_modules/@img/sharp-libvips-linuxmusl-x64'
131 silly reify ]
132 verbose reify failed optional dependency /Users/admin/Desktop/Earn-app/node_modules/@img/sharp-libvips-linuxmusl-arm64
133 silly reify mark deleted [
133 silly reify   '/Users/admin/Desktop/Earn-app/node_modules/@img/sharp-libvips-linuxmusl-arm64'
133 silly reify ]
134 verbose reify failed optional dependency /Users/admin/Desktop/Earn-app/node_modules/@img/sharp-libvips-linux-x64
135 silly reify mark deleted [
135 silly reify   '/Users/admin/Desktop/Earn-app/node_modules/@img/sharp-libvips-linux-x64'
135 silly reify ]
136 verbose reify failed optional dependency /Users/admin/Desktop/Earn-app/node_modules/@img/sharp-libvips-linux-s390x
137 silly reify mark deleted [
137 silly reify   '/Users/admin/Desktop/Earn-app/node_modules/@img/sharp-libvips-linux-s390x'
137 silly reify ]
138 verbose reify failed optional dependency /Users/admin/Desktop/Earn-app/node_modules/@img/sharp-libvips-linux-riscv64
139 silly reify mark deleted [
139 silly reify   '/Users/admin/Desktop/Earn-app/node_modules/@img/sharp-libvips-linux-riscv64'
139 silly reify ]
140 verbose reify failed optional dependency /Users/admin/Desktop/Earn-app/node_modules/@img/sharp-libvips-linux-ppc64
141 silly reify mark deleted [
141 silly reify   '/Users/admin/Desktop/Earn-app/node_modules/@img/sharp-libvips-linux-ppc64'
141 silly reify ]
142 verbose reify failed optional dependency /Users/admin/Desktop/Earn-app/node_modules/@img/sharp-libvips-linux-arm64
143 silly reify mark deleted [
143 silly reify   '/Users/admin/Desktop/Earn-app/node_modules/@img/sharp-libvips-linux-arm64'
143 silly reify ]
144 verbose reify failed optional dependency /Users/admin/Desktop/Earn-app/node_modules/@img/sharp-libvips-linux-arm
145 silly reify mark deleted [
145 silly reify   '/Users/admin/Desktop/Earn-app/node_modules/@img/sharp-libvips-linux-arm'
145 silly reify ]
146 verbose reify failed optional dependency /Users/admin/Desktop/Earn-app/node_modules/@img/sharp-libvips-darwin-x64
147 silly reify mark deleted [
147 silly reify   '/Users/admin/Desktop/Earn-app/node_modules/@img/sharp-libvips-darwin-x64'
147 silly reify ]
148 verbose reify failed optional dependency /Users/admin/Desktop/Earn-app/node_modules/@img/sharp-darwin-x64
149 silly reify mark deleted [ '/Users/admin/Desktop/Earn-app/node_modules/@img/sharp-darwin-x64' ]
150 timing reifyNode:node_modules/@unrs/resolver-binding-win32-x64-msvc Completed in 95ms
151 timing reifyNode:node_modules/@unrs/resolver-binding-win32-ia32-msvc Completed in 96ms
152 timing reifyNode:node_modules/@unrs/resolver-binding-win32-arm64-msvc Completed in 96ms
153 timing reifyNode:node_modules/@unrs/resolver-binding-wasm32-wasi Completed in 95ms
154 timing reifyNode:node_modules/@unrs/resolver-binding-linux-x64-musl Completed in 95ms
155 timing reifyNode:node_modules/@unrs/resolver-binding-linux-x64-gnu Completed in 95ms
156 timing reifyNode:node_modules/@unrs/resolver-binding-linux-s390x-gnu Completed in 95ms
157 timing reifyNode:node_modules/@unrs/resolver-binding-linux-riscv64-musl Completed in 95ms
158 timing reifyNode:node_modules/@unrs/resolver-binding-linux-riscv64-gnu Completed in 95ms
159 timing reifyNode:node_modules/@unrs/resolver-binding-linux-ppc64-gnu Completed in 95ms
160 timing reifyNode:node_modules/@unrs/resolver-binding-linux-arm64-musl Completed in 95ms
161 timing reifyNode:node_modules/@unrs/resolver-binding-linux-arm64-gnu Completed in 95ms
162 timing reifyNode:node_modules/@unrs/resolver-binding-linux-arm-musleabihf Completed in 95ms
163 timing reifyNode:node_modules/@unrs/resolver-binding-linux-arm-gnueabihf Completed in 95ms
164 timing reifyNode:node_modules/@unrs/resolver-binding-freebsd-x64 Completed in 95ms
165 timing reifyNode:node_modules/@unrs/resolver-binding-darwin-x64 Completed in 96ms
166 timing reifyNode:node_modules/@unrs/resolver-binding-android-arm64 Completed in 96ms
167 timing reifyNode:node_modules/@unrs/resolver-binding-android-arm-eabi Completed in 96ms
168 timing reifyNode:node_modules/@next/swc-win32-x64-msvc Completed in 96ms
169 timing reifyNode:node_modules/@next/swc-win32-arm64-msvc Completed in 96ms
170 timing reifyNode:node_modules/@next/swc-linux-x64-musl Completed in 96ms
171 timing reifyNode:node_modules/@next/swc-linux-x64-gnu Completed in 96ms
172 timing reifyNode:node_modules/@next/swc-linux-arm64-musl Completed in 95ms
173 timing reifyNode:node_modules/@next/swc-linux-arm64-gnu Completed in 95ms
174 timing reifyNode:node_modules/@next/swc-darwin-x64 Completed in 96ms
175 timing reifyNode:node_modules/@img/sharp-win32-x64 Completed in 96ms
176 timing reifyNode:node_modules/@img/sharp-win32-ia32 Completed in 96ms
177 timing reifyNode:node_modules/@img/sharp-win32-arm64 Completed in 96ms
178 timing reifyNode:node_modules/@img/sharp-wasm32 Completed in 96ms
179 timing reifyNode:node_modules/@img/sharp-linuxmusl-x64 Completed in 96ms
180 timing reifyNode:node_modules/@img/sharp-linuxmusl-arm64 Completed in 96ms
181 timing reifyNode:node_modules/@img/sharp-linux-x64 Completed in 96ms
182 timing reifyNode:node_modules/@img/sharp-linux-s390x Completed in 96ms
183 timing reifyNode:node_modules/@img/sharp-linux-riscv64 Completed in 96ms
184 timing reifyNode:node_modules/@img/sharp-linux-ppc64 Completed in 96ms
185 timing reifyNode:node_modules/@img/sharp-linux-arm64 Completed in 96ms
186 timing reifyNode:node_modules/@img/sharp-linux-arm Completed in 96ms
187 timing reifyNode:node_modules/@img/sharp-libvips-linuxmusl-x64 Completed in 96ms
188 timing reifyNode:node_modules/@img/sharp-libvips-linuxmusl-arm64 Completed in 97ms
189 timing reifyNode:node_modules/@img/sharp-libvips-linux-x64 Completed in 97ms
190 timing reifyNode:node_modules/@img/sharp-libvips-linux-s390x Completed in 97ms
191 timing reifyNode:node_modules/@img/sharp-libvips-linux-riscv64 Completed in 97ms
192 timing reifyNode:node_modules/@img/sharp-libvips-linux-ppc64 Completed in 97ms
193 timing reifyNode:node_modules/@img/sharp-libvips-linux-arm64 Completed in 97ms
194 timing reifyNode:node_modules/@img/sharp-libvips-linux-arm Completed in 97ms
195 timing reifyNode:node_modules/@img/sharp-libvips-darwin-x64 Completed in 97ms
196 timing reifyNode:node_modules/@img/sharp-darwin-x64 Completed in 97ms
197 http fetch POST 200 https://registry.npmjs.org/-/npm/v1/security/advisories/bulk 1005ms
198 timing auditReport:getReport Completed in 1013ms
199 silly audit report {}
200 timing auditReport:init Completed in 0ms
201 timing reify:audit Completed in 1013ms
202 timing reifyNode:node_modules/natural-compare Completed in 2150ms
203 timing reifyNode:node_modules/client-only Completed in 2161ms
204 timing reifyNode:node_modules/strip-bom Completed in 2192ms
205 timing reifyNode:node_modules/shebang-command Completed in 2193ms
206 timing reifyNode:node_modules/run-parallel Completed in 2199ms
207 timing reifyNode:node_modules/resolve-from Completed in 2200ms
208 timing reifyNode:node_modules/path-parse Completed in 2201ms
209 timing reifyNode:node_modules/ms Completed in 2312ms
210 timing reifyNode:node_modules/parent-module Completed in 2315ms
211 timing reifyNode:node_modules/object-assign Completed in 2315ms
212 timing reifyNode:node_modules/merge2 Completed in 2315ms
213 timing reifyNode:node_modules/isarray Completed in 2321ms
214 timing reifyNode:node_modules/imurmurhash Completed in 2320ms
215 timing reifyNode:node_modules/is-extglob Completed in 2322ms
216 timing reifyNode:node_modules/is-number Completed in 2324ms
217 timing reifyNode:node_modules/glob-parent Completed in 2324ms
218 timing reifyNode:node_modules/fast-levenshtein Completed in 2324ms
219 timing reifyNode:node_modules/eslint-import-resolver-node Completed in 2339ms
220 timing reifyNode:node_modules/color-name Completed in 2352ms
221 timing reifyNode:node_modules/brace-expansion Completed in 2354ms
222 timing reifyNode:node_modules/@types/json5 Completed in 2389ms
223 timing reifyNode:node_modules/@nolyfill/is-core-module Completed in 2404ms
224 timing reifyNode:node_modules/yocto-queue Completed in 2439ms
225 timing reifyNode:node_modules/word-wrap Completed in 2439ms
226 timing reifyNode:node_modules/supports-color Completed in 2438ms
227 timing reifyNode:node_modules/strip-json-comments Completed in 2439ms
228 timing reifyNode:node_modules/to-regex-range Completed in 2440ms
229 timing reifyNode:node_modules/shebang-regex Completed in 2440ms
230 timing reifyNode:node_modules/queue-microtask Completed in 2440ms
231 timing reifyNode:node_modules/p-locate Completed in 2440ms
232 timing reifyNode:node_modules/p-limit Completed in 2441ms
233 timing reifyNode:node_modules/path-key Completed in 2441ms
234 timing reifyNode:node_modules/path-exists Completed in 2441ms
235 timing reifyNode:node_modules/lru-cache Completed in 2494ms
236 timing reifyNode:node_modules/locate-path Completed in 2494ms
237 timing reifyNode:node_modules/is-glob Completed in 2499ms
238 timing reifyNode:node_modules/has-flag Completed in 2499ms
239 timing reifyNode:node_modules/find-up Completed in 2500ms
240 timing reifyNode:node_modules/fill-range Completed in 2500ms
241 timing reifyNode:node_modules/import-fresh Completed in 2500ms
242 timing reifyNode:node_modules/escape-string-regexp Completed in 2500ms
243 timing reifyNode:node_modules/callsites Completed in 2500ms
244 timing reifyNode:node_modules/convert-source-map Completed in 2501ms
245 timing reifyNode:node_modules/fast-glob/node_modules/glob-parent Completed in 2509ms
246 timing reifyNode:node_modules/yallist Completed in 2517ms
247 timing reifyNode:node_modules/js-tokens Completed in 2522ms
248 timing reifyNode:node_modules/file-entry-cache Completed in 2529ms
249 timing reifyNode:node_modules/esrecurse Completed in 2529ms
250 timing reifyNode:node_modules/ansi-styles Completed in 2532ms
251 timing reifyNode:node_modules/@rtsao/scc Completed in 2531ms
252 timing reifyNode:node_modules/@types/json-schema Completed in 2533ms
253 timing reifyNode:node_modules/picocolors Completed in 2543ms
254 timing reifyNode:node_modules/minimatch Completed in 2580ms
255 timing reifyNode:node_modules/@types/estree Completed in 2582ms
256 timing reifyNode:node_modules/unrs-resolver Completed in 2596ms
257 timing reifyNode:node_modules/micromatch Completed in 2607ms
258 timing reifyNode:node_modules/lodash.merge Completed in 2608ms
259 timing reifyNode:node_modules/acorn-jsx Completed in 2617ms
260 timing reifyNode:node_modules/punycode Completed in 2746ms
261 timing reifyNode:node_modules/loose-envify Completed in 2755ms
262 timing reifyNode:node_modules/color-convert Completed in 2757ms
263 timing reifyNode:node_modules/@next/env Completed in 2761ms
264 timing reifyNode:node_modules/@img/colour Completed in 2761ms
265 timing reifyNode:node_modules/stable-hash Completed in 2773ms
266 timing reifyNode:node_modules/estraverse Completed in 2784ms
267 timing reifyNode:node_modules/balanced-match Completed in 2785ms
268 timing reifyNode:node_modules/@typescript-eslint/typescript-estree/node_modules/brace-expansion Completed in 2787ms
269 timing reifyNode:node_modules/update-browserslist-db Completed in 2795ms
270 timing reifyNode:node_modules/json-buffer Completed in 2799ms
271 timing reifyNode:node_modules/keyv Completed in 2801ms
272 timing reifyNode:node_modules/which Completed in 2812ms
273 timing reifyNode:node_modules/type-check Completed in 2813ms
274 timing reifyNode:node_modules/resolve-pkg-maps Completed in 2814ms
275 timing reifyNode:node_modules/ignore Completed in 2817ms
276 timing reifyNode:node_modules/@babel/helper-string-parser Completed in 2824ms
277 timing reifyNode:node_modules/@babel/code-frame Completed in 2824ms
278 timing reifyNode:node_modules/@typescript-eslint/eslint-plugin/node_modules/ignore Completed in 2828ms
279 timing reifyNode:node_modules/levn Completed in 2837ms
280 timing reifyNode:node_modules/language-tags Completed in 2838ms
281 timing reifyNode:node_modules/debug Completed in 2837ms
282 timing reifyNode:node_modules/damerau-levenshtein Completed in 2838ms
283 timing reifyNode:node_modules/concat-map Completed in 2839ms
284 timing reifyNode:node_modules/@babel/helper-globals Completed in 2838ms
285 timing reifyNode:node_modules/isexe Completed in 2850ms
286 timing reifyNode:node_modules/globals Completed in 2852ms
287 timing reifyNode:node_modules/flat-cache Completed in 2854ms
288 timing reifyNode:node_modules/react-is Completed in 2865ms
289 timing reifyNode:node_modules/optionator Completed in 2866ms
290 timing reifyNode:node_modules/is-bun-module Completed in 2871ms
291 timing reifyNode:node_modules/hasown Completed in 2870ms
292 timing reifyNode:node_modules/gensync Completed in 2872ms
293 timing reifyNode:node_modules/chalk Completed in 2871ms
294 timing reifyNode:node_modules/detect-libc Completed in 2871ms
295 timing reifyNode:node_modules/deep-is Completed in 2872ms
296 timing reifyNode:node_modules/supports-preserve-symlinks-flag Completed in 2882ms
297 timing reifyNode:node_modules/set-function-name Completed in 2900ms
298 timing reifyNode:node_modules/tinyglobby Completed in 2902ms
299 timing reifyNode:node_modules/possible-typed-array-names Completed in 2901ms
300 timing reifyNode:node_modules/iterator.prototype Completed in 2901ms
301 timing reifyNode:node_modules/eslint-config-next Completed in 2901ms
302 timing reifyNode:node_modules/define-properties Completed in 2901ms
303 timing reifyNode:node_modules/browserslist Completed in 2902ms
304 timing reifyNode:node_modules/@babel/helper-validator-option Completed in 2901ms
305 timing reifyNode:node_modules/typed-array-byte-length Completed in 2912ms
306 timing reifyNode:node_modules/typed-array-buffer Completed in 2912ms
307 timing reifyNode:node_modules/typed-array-length Completed in 2913ms
308 timing reifyNode:node_modules/safe-push-apply Completed in 2913ms
309 timing reifyNode:node_modules/safe-regex-test Completed in 2913ms
310 timing reifyNode:node_modules/stop-iteration-iterator Completed in 2913ms
311 timing reifyNode:node_modules/semver Completed in 2914ms
312 timing reifyNode:node_modules/jsesc Completed in 2913ms
313 timing reifyNode:node_modules/has-property-descriptors Completed in 2914ms
314 timing reifyNode:node_modules/escalade Completed in 2914ms
315 timing reifyNode:node_modules/es-set-tostringtag Completed in 2915ms
316 timing reifyNode:node_modules/call-bound Completed in 2927ms
317 timing reifyNode:node_modules/ast-types-flow Completed in 2928ms
318 timing reifyNode:node_modules/eslint-plugin-import/node_modules/debug Completed in 2932ms
319 timing reifyNode:node_modules/eslint-import-resolver-node/node_modules/debug Completed in 2933ms
320 timing reifyNode:node_modules/eslint-module-utils/node_modules/debug Completed in 2935ms
321 timing reifyNode:node_modules/side-channel-weakmap Completed in 2940ms
322 timing reifyNode:node_modules/is-regex Completed in 2939ms
323 timing reifyNode:node_modules/is-typed-array Completed in 2939ms
324 timing reifyNode:node_modules/is-negative-zero Completed in 2941ms
325 timing reifyNode:node_modules/is-async-function Completed in 2941ms
326 timing reifyNode:node_modules/is-core-module Completed in 2942ms
327 timing reifyNode:node_modules/functions-have-names Completed in 2941ms
328 timing reifyNode:node_modules/fast-deep-equal Completed in 2942ms
329 timing reifyNode:node_modules/esutils Completed in 2942ms
330 timing reifyNode:node_modules/@humanwhocodes/module-importer Completed in 2941ms
331 timing reifyNode:node_modules/tinyglobby/node_modules/fdir Completed in 2949ms
332 timing reifyNode:node_modules/@babel/helper-validator-identifier Completed in 2942ms
333 timing reifyNode:node_modules/which-collection Completed in 2954ms
334 timing reifyNode:node_modules/typed-array-byte-offset Completed in 2953ms
335 timing reifyNode:node_modules/which-builtin-type Completed in 2954ms
336 timing reifyNode:node_modules/side-channel-list Completed in 2953ms
337 timing reifyNode:node_modules/set-function-length Completed in 2953ms
338 timing reifyNode:node_modules/safe-array-concat Completed in 2953ms
339 timing reifyNode:node_modules/prelude-ls Completed in 2953ms
340 timing reifyNode:node_modules/own-keys Completed in 2953ms
341 timing reifyNode:node_modules/is-weakref Completed in 2952ms
342 timing reifyNode:node_modules/is-shared-array-buffer Completed in 2953ms
343 timing reifyNode:node_modules/is-finalizationregistry Completed in 2953ms
344 timing reifyNode:node_modules/is-array-buffer Completed in 2954ms
345 timing reifyNode:node_modules/is-bigint Completed in 2954ms
346 timing reifyNode:node_modules/has-bigints Completed in 2954ms
347 timing reifyNode:node_modules/eslint-visitor-keys Completed in 2955ms
348 timing reifyNode:node_modules/es-define-property Completed in 2954ms
349 timing reifyNode:node_modules/data-view-buffer Completed in 2954ms
350 timing reifyNode:node_modules/cross-spawn Completed in 2955ms
351 timing reifyNode:node_modules/data-view-byte-offset Completed in 2955ms
352 timing reifyNode:node_modules/data-view-byte-length Completed in 2955ms
353 timing reifyNode:node_modules/array-buffer-byte-length Completed in 2955ms
354 timing reifyNode:node_modules/available-typed-arrays Completed in 2955ms
355 timing reifyNode:node_modules/braces Completed in 2956ms
356 timing reifyNode:node_modules/@humanfs/node Completed in 2955ms
357 timing reifyNode:node_modules/which-boxed-primitive Completed in 2966ms
358 timing reifyNode:node_modules/@eslint-community/eslint-utils/node_modules/eslint-visitor-keys Completed in 2957ms
359 timing reifyNode:node_modules/eslint-config-next/node_modules/globals Completed in 2960ms
360 timing reifyNode:node_modules/unbox-primitive Completed in 2966ms
361 timing reifyNode:node_modules/side-channel-map Completed in 2966ms
362 timing reifyNode:node_modules/side-channel Completed in 2966ms
363 timing reifyNode:node_modules/object-keys Completed in 2965ms
364 timing reifyNode:node_modules/node-releases Completed in 2966ms
365 timing reifyNode:node_modules/is-string Completed in 2965ms
366 timing reifyNode:node_modules/is-weakmap Completed in 2965ms
367 timing reifyNode:node_modules/is-symbol Completed in 2965ms
368 timing reifyNode:node_modules/is-number-object Completed in 2966ms
369 timing reifyNode:node_modules/is-generator-function Completed in 2966ms
370 timing reifyNode:node_modules/is-data-view Completed in 2966ms
371 timing reifyNode:node_modules/is-date-object Completed in 2966ms
372 timing reifyNode:node_modules/internal-slot Completed in 2966ms
373 timing reifyNode:node_modules/gopd Completed in 2965ms
374 timing reifyNode:node_modules/is-callable Completed in 2967ms
375 timing reifyNode:node_modules/es-shim-unscopables Completed in 2966ms
376 timing reifyNode:node_modules/call-bind Completed in 2966ms
377 timing reifyNode:node_modules/@jridgewell/resolve-uri Completed in 2964ms
378 timing reifyNode:node_modules/string.prototype.trimstart Completed in 2974ms
379 timing reifyNode:node_modules/string.prototype.repeat Completed in 2975ms
380 timing reifyNode:node_modules/reflect.getprototypeof Completed in 2974ms
381 timing reifyNode:node_modules/object.fromentries Completed in 2974ms
382 timing reifyNode:node_modules/json-schema-traverse Completed in 2974ms
383 timing reifyNode:node_modules/is-weakset Completed in 2974ms
384 timing reifyNode:node_modules/is-map Completed in 2974ms
385 timing reifyNode:node_modules/is-set Completed in 2974ms
386 timing reifyNode:node_modules/get-symbol-description Completed in 2974ms
387 timing reifyNode:node_modules/get-intrinsic Completed in 2974ms
388 timing reifyNode:node_modules/eslint-import-resolver-typescript Completed in 2974ms
389 timing reifyNode:node_modules/dunder-proto Completed in 2975ms
390 timing reifyNode:node_modules/define-data-property Completed in 2974ms
391 timing reifyNode:node_modules/async-function Completed in 2974ms
392 timing reifyNode:node_modules/tinyglobby/node_modules/picomatch Completed in 2987ms
393 timing reifyNode:node_modules/picomatch Completed in 2988ms
394 timing reifyNode:node_modules/is-boolean-object Completed in 2986ms
395 timing reifyNode:node_modules/has-proto Completed in 2986ms
396 timing reifyNode:node_modules/function-bind Completed in 2986ms
397 timing reifyNode:node_modules/es-object-atoms Completed in 2986ms
398 timing reifyNode:node_modules/doctrine Completed in 2987ms
399 timing reifyNode:node_modules/arraybuffer.prototype.slice Completed in 2986ms
400 timing reifyNode:node_modules/argparse Completed in 2986ms
401 timing reifyNode:node_modules/@eslint/js Completed in 2985ms
402 timing reifyNode:node_modules/@humanwhocodes/retry Completed in 2986ms
403 timing reifyNode:node_modules/@babel/helper-module-imports Completed in 2986ms
404 timing reifyNode:node_modules/string.prototype.trimend Completed in 2996ms
405 timing reifyNode:node_modules/set-proto Completed in 2998ms
406 timing reifyNode:node_modules/get-proto Completed in 2995ms
407 timing reifyNode:node_modules/generator-function Completed in 2995ms
408 timing reifyNode:node_modules/for-each Completed in 2995ms
409 timing reifyNode:node_modules/espree Completed in 2996ms
410 timing reifyNode:node_modules/which-typed-array Completed in 3005ms
411 timing reifyNode:node_modules/prop-types Completed in 3003ms
412 timing reifyNode:node_modules/object.values Completed in 3004ms
413 timing reifyNode:node_modules/object.groupby Completed in 3005ms
414 timing reifyNode:node_modules/json-stable-stringify-without-jsonify Completed in 3004ms
415 timing reifyNode:node_modules/globalthis Completed in 3002ms
416 timing reifyNode:node_modules/array.prototype.flat Completed in 3001ms
417 timing reifyNode:node_modules/array.prototype.tosorted Completed in 3001ms
418 timing reifyNode:node_modules/array.prototype.findlastindex Completed in 3002ms
419 timing reifyNode:node_modules/@types/react-dom Completed in 3001ms
420 timing reifyNode:node_modules/@eslint/core Completed in 3001ms
421 timing reifyNode:node_modules/@babel/compat-data Completed in 3000ms
422 timing reifyNode:node_modules/tsconfig-paths/node_modules/json5 Completed in 3011ms
423 timing reifyNode:node_modules/string.prototype.trim Completed in 3010ms
424 timing reifyNode:node_modules/get-tsconfig Completed in 3007ms
425 timing reifyNode:node_modules/fastq Completed in 3008ms
426 timing reifyNode:node_modules/array-includes Completed in 3007ms
427 timing reifyNode:node_modules/@humanfs/core Completed in 3005ms
428 timing reifyNode:node_modules/@img/sharp-darwin-arm64 Completed in 3006ms
429 timing reifyNode:node_modules/string.prototype.matchall Completed in 3015ms
430 timing reifyNode:node_modules/regexp.prototype.flags Completed in 3014ms
431 timing reifyNode:node_modules/flatted Completed in 3013ms
432 timing reifyNode:node_modules/fast-json-stable-stringify Completed in 3013ms
433 timing reifyNode:node_modules/electron-to-chromium Completed in 3013ms
434 timing reifyNode:node_modules/tslib Completed in 3021ms
435 timing reifyNode:node_modules/object.entries Completed in 3020ms
436 timing reifyNode:node_modules/array.prototype.flatmap Completed in 3018ms
437 timing reifyNode:node_modules/array.prototype.findlast Completed in 3018ms
438 timing reifyNode:node_modules/@eslint/config-helpers Completed in 3018ms
439 timing reifyNode:node_modules/@babel/helper-compilation-targets Completed in 3017ms
440 timing reifyNode:node_modules/@eslint/object-schema Completed in 3020ms
441 timing reifyNode:node_modules/@emnapi/wasi-threads Completed in 3022ms
442 timing reifyNode:node_modules/reusify Completed in 3031ms
443 timing reifyNode:node_modules/has-tostringtag Completed in 3028ms
444 timing reifyNode:node_modules/call-bind-apply-helpers Completed in 3032ms
445 timing reifyNode:node_modules/scheduler Completed in 3045ms
446 timing reifyNode:node_modules/function.prototype.name Completed in 3044ms
447 timing reifyNode:node_modules/es-errors Completed in 3043ms
448 timing reifyNode:node_modules/emoji-regex Completed in 3044ms
449 timing reifyNode:node_modules/has-symbols Completed in 3056ms
450 timing reifyNode:node_modules/eslint-scope Completed in 3058ms
451 timing reifyNode:node_modules/baseline-browser-mapping Completed in 3069ms
452 timing reifyNode:node_modules/@nodelib/fs.stat Completed in 3487ms
453 timing reifyNode:node_modules/@eslint/plugin-kit Completed in 3486ms
454 timing reifyNode:node_modules/string.prototype.includes Completed in 3496ms
455 timing reifyNode:node_modules/object.assign Completed in 3496ms
456 timing reifyNode:node_modules/@babel/template Completed in 3490ms
457 timing reifyNode:node_modules/ts-api-utils Completed in 3502ms
458 timing reifyNode:node_modules/napi-postinstall Completed in 3502ms
459 timing reifyNode:node_modules/eslint-module-utils Completed in 3499ms
460 timing reifyNode:node_modules/es-to-primitive Completed in 3500ms
461 timing reifyNode:node_modules/@babel/helper-module-transforms Completed in 3498ms
462 timing reifyNode:node_modules/source-map-js Completed in 3508ms
463 timing reifyNode:node_modules/minimist Completed in 3507ms
464 timing reifyNode:node_modules/nanoid Completed in 3509ms
465 timing reifyNode:node_modules/@eslint-community/regexpp Completed in 3506ms
466 timing reifyNode:node_modules/zod-validation-error Completed in 3518ms
467 timing reifyNode:node_modules/@nodelib/fs.scandir Completed in 3512ms
468 timing reifyNode:node_modules/@eslint-community/eslint-utils Completed in 3519ms
469 timing reifyNode:node_modules/@jridgewell/sourcemap-codec Completed in 3525ms
470 timing reifyNode:node_modules/math-intrinsics Completed in 3534ms
471 timing reifyNode:node_modules/@nodelib/fs.walk Completed in 3530ms
472 timing reifyNode:node_modules/@jridgewell/remapping Completed in 3529ms
473 timing reifyNode:node_modules/json5 Completed in 3541ms
474 timing reifyNode:node_modules/hermes-estree Completed in 3539ms
475 timing reifyNode:node_modules/undici-types Completed in 3547ms
476 timing reifyNode:node_modules/react Completed in 3549ms
477 timing reifyNode:node_modules/@types/react Completed in 3548ms
478 timing reifyNode:node_modules/acorn Completed in 3551ms
479 timing reifyNode:node_modules/@jridgewell/gen-mapping Completed in 3551ms
480 timing reifyNode:node_modules/object-inspect Completed in 3560ms
481 timing reifyNode:node_modules/@emnapi/runtime Completed in 3558ms
482 timing reifyNode:node_modules/@eslint/config-array Completed in 3589ms
483 timing reifyNode:node_modules/sharp/node_modules/semver Completed in 3607ms
484 timing reifyNode:node_modules/is-bun-module/node_modules/semver Completed in 3605ms
485 timing reifyNode:node_modules/@typescript-eslint/typescript-estree/node_modules/semver Completed in 3601ms
486 timing reifyNode:node_modules/@jridgewell/trace-mapping Completed in 3608ms
487 timing reifyNode:node_modules/js-yaml Completed in 3623ms
488 timing reifyNode:node_modules/@next/eslint-plugin-next Completed in 3621ms
489 timing reifyNode:node_modules/postcss Completed in 3634ms
490 timing reifyNode:node_modules/sharp Completed in 3641ms
491 timing reifyNode:node_modules/csstype Completed in 3640ms
492 timing reifyNode:node_modules/esquery Completed in 3653ms
493 timing reifyNode:node_modules/fast-glob Completed in 3664ms
494 timing reifyNode:node_modules/@typescript-eslint/typescript-estree/node_modules/minimatch Completed in 3664ms
495 timing reifyNode:node_modules/@eslint/eslintrc Completed in 3666ms
496 timing reifyNode:node_modules/uri-js Completed in 3676ms
497 timing reifyNode:node_modules/styled-jsx Completed in 3679ms
498 timing reifyNode:node_modules/@tybys/wasm-util Completed in 3677ms
499 timing reifyNode:node_modules/@babel/generator Completed in 3687ms
500 timing reifyNode:node_modules/@unrs/resolver-binding-darwin-arm64 Completed in 3693ms
501 timing reifyNode:node_modules/tsconfig-paths Completed in 3714ms
502 timing reifyNode:node_modules/language-subtag-registry Completed in 3717ms
503 timing reifyNode:node_modules/@emnapi/core Completed in 3726ms
504 timing reifyNode:node_modules/@babel/parser Completed in 3739ms
505 timing reifyNode:node_modules/hermes-parser Completed in 3746ms
506 timing reifyNode:node_modules/@babel/traverse Completed in 3750ms
507 timing reifyNode:node_modules/axobject-query Completed in 3762ms
508 timing reifyNode:node_modules/jsx-ast-utils Completed in 3767ms
509 timing reifyNode:node_modules/ajv Completed in 3808ms
510 timing reifyNode:node_modules/es-iterator-helpers Completed in 3814ms
511 timing reifyNode:node_modules/aria-query Completed in 3834ms
512 timing reifyNode:node_modules/axe-core Completed in 3867ms
513 timing reifyNode:node_modules/resolve Completed in 3880ms
514 timing reifyNode:node_modules/@babel/core Completed in 3873ms
515 timing reifyNode:node_modules/eslint-plugin-react/node_modules/resolve Completed in 3883ms
516 timing reifyNode:node_modules/@types/node Completed in 3883ms
517 timing reifyNode:node_modules/eslint-plugin-import Completed in 3911ms
518 timing reifyNode:node_modules/eslint-plugin-react-hooks Completed in 3922ms
519 timing reifyNode:node_modules/@babel/helpers Completed in 3962ms
520 timing reifyNode:node_modules/eslint-plugin-jsx-a11y Completed in 3980ms
521 timing reifyNode:node_modules/@babel/types Completed in 4026ms
522 timing reifyNode:node_modules/@napi-rs/wasm-runtime Completed in 4059ms
523 timing reifyNode:node_modules/eslint-plugin-react Completed in 4071ms
524 timing reifyNode:node_modules/react-dom Completed in 4079ms
525 timing reifyNode:node_modules/@swc/helpers Completed in 4181ms
526 timing reifyNode:node_modules/eslint Completed in 4190ms
527 timing reifyNode:node_modules/@img/sharp-libvips-darwin-arm64 Completed in 4285ms
528 timing reifyNode:node_modules/caniuse-lite Completed in 4291ms
529 timing reifyNode:node_modules/zod Completed in 4331ms
530 timing reifyNode:node_modules/typescript Completed in 4430ms
531 timing reifyNode:node_modules/es-abstract Completed in 4543ms
532 timing reifyNode:node_modules/@next/swc-darwin-arm64 Completed in 5031ms
533 timing reifyNode:node_modules/next Completed in 6876ms
534 timing reify:rollback:createSparse Completed in 28ms
535 timing reify:rollback:retireShallow Completed in 0ms
536 timing command:install Completed in 7088ms
537 verbose stack Error: EPERM: operation not permitted, unlink '/Users/admin/Desktop/Earn-app/node_modules/typescript-eslint/dist/tsconfig.build.tsbuildinfo'
538 verbose cwd /Users/admin/Desktop/Earn-app
539 verbose Darwin 25.2.0
540 verbose node v20.9.0
541 verbose npm  v10.1.0
542 error code EPERM
543 error syscall unlink
544 error path /Users/admin/Desktop/Earn-app/node_modules/typescript-eslint/dist/tsconfig.build.tsbuildinfo
545 error errno -1
546 error [Error: EPERM: operation not permitted, unlink '/Users/admin/Desktop/Earn-app/node_modules/typescript-eslint/dist/tsconfig.build.tsbuildinfo'] {
546 error   errno: -1,
546 error   code: 'EPERM',
546 error   syscall: 'unlink',
546 error   path: '/Users/admin/Desktop/Earn-app/node_modules/typescript-eslint/dist/tsconfig.build.tsbuildinfo'
546 error }
547 error
547 error The operation was rejected by your operating system.
547 error It is likely you do not have the permissions to access this file as the current user
547 error
547 error If you believe this might be a permissions issue, please double-check the
547 error permissions of the file and its containing directories, or try running
547 error the command again as root/Administrator.
548 verbose exit -1
549 timing npm Completed in 7335ms
550 verbose unfinished npm timer reify 1771238939950
551 verbose unfinished npm timer reify:unpack 1771238940128
552 verbose unfinished npm timer reifyNode:node_modules/typescript-eslint 1771238940130
553 verbose unfinished npm timer reifyNode:node_modules/@typescript-eslint/visitor-keys 1771238940138
554 verbose unfinished npm timer reifyNode:node_modules/@typescript-eslint/utils 1771238940138
555 verbose unfinished npm timer reifyNode:node_modules/@typescript-eslint/typescript-estree 1771238940138
556 verbose unfinished npm timer reifyNode:node_modules/@typescript-eslint/types 1771238940138
557 verbose unfinished npm timer reifyNode:node_modules/@typescript-eslint/type-utils 1771238940138
558 verbose unfinished npm timer reifyNode:node_modules/@typescript-eslint/tsconfig-utils 1771238940138
559 verbose unfinished npm timer reifyNode:node_modules/@typescript-eslint/scope-manager 1771238940138
560 verbose unfinished npm timer reifyNode:node_modules/@typescript-eslint/project-service 1771238940138
561 verbose unfinished npm timer reifyNode:node_modules/@typescript-eslint/parser 1771238940138
562 verbose unfinished npm timer reifyNode:node_modules/@typescript-eslint/eslint-plugin 1771238940138
563 verbose code -1
564 error A complete log of this run can be found in: /Users/admin/Desktop/Earn-app/.npm-cache/_logs/2026-02-16T10_48_59_706Z-debug-0.log
